<?xml version="1.0" encoding="UTF-8"?>
<testng-results ignored="0" total="1" passed="1" failed="0" skipped="0">
  <reporter-output>
  </reporter-output>
  <suite started-at="2021-10-17T15:56:12 IDT" name="Command line suite" finished-at="2021-10-17T15:56:12 IDT" duration-ms="4">
    <groups>
    </groups>
    <test started-at="2021-10-17T15:56:12 IDT" name="Command line test" finished-at="2021-10-17T15:56:12 IDT" duration-ms="4">
      <class name="com.api.proj.beAutomationTest.AppTest">
        <test-method signature="testApp()[pri:0, instance:testApp(com.api.proj.beAutomationTest.AppTest)]" started-at="2021-10-17T15:56:12 IDT" name="testApp" finished-at="2021-10-17T15:56:12 IDT" duration-ms="1" status="PASS">
          <reporter-output>
          </reporter-output>
        </test-method> <!-- testApp -->
      </class> <!-- com.api.proj.beAutomationTest.AppTest -->
    </test> <!-- Command line test -->
  </suite> <!-- Command line suite -->
</testng-results>
