<?xml version="1.0" encoding="UTF-8"?>
<!-- Generated by org.testng.reporters.JUnitXMLReporter -->
<testsuite ignored="0" hostname="DESKTOP-3GVSIGT" failures="0" tests="3" name="Default test" time="1.99" errors="0" timestamp="2021-10-18T00:04:05 IDT">
  <testcase classname="com.api.proj.beAutomationTest.BeTest" name="registerUserTest" time="1.216"/>
  <testcase classname="com.api.proj.beAutomationTest.BeTest" name="loginUserTest" time="0.392"/>
  <testcase classname="com.api.proj.beAutomationTest.BeTest" name="registerUserTestWithParams" time="0.331"/>
</testsuite> <!-- Default test -->
