<?xml version="1.0" encoding="UTF-8"?>
<testng-results ignored="0" total="1" passed="1" failed="0" skipped="0">
  <reporter-output>
  </reporter-output>
  <suite started-at="2021-10-17T15:56:12 IDT" name="Command line suite" finished-at="2021-10-17T15:56:12 IDT" duration-ms="24">
    <groups>
    </groups>
    <test started-at="2021-10-17T15:56:12 IDT" name="Command line test" finished-at="2021-10-17T15:56:12 IDT" duration-ms="24">
      <class name="com.api.proj.beAutomationTest.BeTest">
        <test-method signature="registerUserTest()[pri:0, instance:com.api.proj.beAutomationTest.BeTest@4524411f]" started-at="2021-10-17T15:56:12 IDT" name="registerUserTest" finished-at="2021-10-17T15:56:12 IDT" duration-ms="2" status="PASS">
          <reporter-output>
          </reporter-output>
        </test-method> <!-- registerUserTest -->
      </class> <!-- com.api.proj.beAutomationTest.BeTest -->
    </test> <!-- Command line test -->
  </suite> <!-- Command line suite -->
</testng-results>
