<?xml version="1.0" encoding="UTF-8"?>
<testng-results ignored="0" total="3" passed="3" failed="0" skipped="0">
  <reporter-output>
  </reporter-output>
  <suite started-at="2021-10-18T00:04:03 IDT" name="Default suite" finished-at="2021-10-18T00:04:05 IDT" duration-ms="1990">
    <groups>
    </groups>
    <test started-at="2021-10-18T00:04:03 IDT" name="Default test" finished-at="2021-10-18T00:04:05 IDT" duration-ms="1990">
      <class name="com.api.proj.beAutomationTest.BeTest">
        <test-method is-config="true" signature="initSetup()[pri:0, instance:com.api.proj.beAutomationTest.BeTest@10e92f8f]" started-at="2021-10-18T00:04:03 IDT" name="initSetup" finished-at="2021-10-18T00:04:03 IDT" duration-ms="25" status="PASS">
          <reporter-output>
          </reporter-output>
        </test-method> <!-- initSetup -->
        <test-method signature="registerUserTest()[pri:1, instance:com.api.proj.beAutomationTest.BeTest@10e92f8f]" started-at="2021-10-18T00:04:03 IDT" name="registerUserTest" finished-at="2021-10-18T00:04:04 IDT" duration-ms="1216" status="PASS">
          <reporter-output>
          </reporter-output>
        </test-method> <!-- registerUserTest -->
        <test-method signature="loginUserTest()[pri:2, instance:com.api.proj.beAutomationTest.BeTest@10e92f8f]" started-at="2021-10-18T00:04:04 IDT" name="loginUserTest" finished-at="2021-10-18T00:04:05 IDT" duration-ms="392" status="PASS">
          <reporter-output>
          </reporter-output>
        </test-method> <!-- loginUserTest -->
        <test-method signature="registerUserTestWithParams()[pri:3, instance:com.api.proj.beAutomationTest.BeTest@10e92f8f]" started-at="2021-10-18T00:04:05 IDT" name="registerUserTestWithParams" finished-at="2021-10-18T00:04:05 IDT" duration-ms="331" status="PASS">
          <reporter-output>
          </reporter-output>
        </test-method> <!-- registerUserTestWithParams -->
      </class> <!-- com.api.proj.beAutomationTest.BeTest -->
    </test> <!-- Default test -->
  </suite> <!-- Default suite -->
</testng-results>
